nohup: ignoring input
2020-11-13 16:25:23.447995: W tensorflow/stream_executor/platform/default/dso_loader.cc:59] Could not load dynamic library 'libcudart.so.10.1'; dlerror: libcudart.so.10.1: cannot open shared object file: No such file or directory
2020-11-13 16:25:23.448054: I tensorflow/stream_executor/cuda/cudart_stub.cc:29] Ignore above cudart dlerror if you do not have a GPU set up on your machine.
2020-11-13 16:25:27.055801: W tensorflow/stream_executor/platform/default/dso_loader.cc:59] Could not load dynamic library 'libcuda.so.1'; dlerror: libcuda.so.1: cannot open shared object file: No such file or directory
2020-11-13 16:25:27.061915: W tensorflow/stream_executor/cuda/cuda_driver.cc:312] failed call to cuInit: UNKNOWN ERROR (303)
2020-11-13 16:25:27.062587: I tensorflow/stream_executor/cuda/cuda_diagnostics.cc:156] kernel driver does not appear to be running on this host (master): /proc/driver/nvidia/version does not exist
2020-11-13 16:25:27.068385: I tensorflow/core/platform/cpu_feature_guard.cc:142] This TensorFlow binary is optimized with oneAPI Deep Neural Network Library (oneDNN)to use the following CPU instructions in performance-critical operations:  AVX2 AVX512F FMA
To enable them in other operations, rebuild TensorFlow with the appropriate compiler flags.
2020-11-13 16:25:27.120616: I tensorflow/core/platform/profile_utils/cpu_utils.cc:104] CPU Frequency: 2500000000 Hz
2020-11-13 16:25:27.124807: I tensorflow/compiler/xla/service/service.cc:168] XLA service 0x41bada0 initialized for platform Host (this does not guarantee that XLA will be used). Devices:
2020-11-13 16:25:27.124859: I tensorflow/compiler/xla/service/service.cc:176]   StreamExecutor device (0): Host, Default Version
Epoch 1/500
1133/1133 - 1s - loss: 0.5689 - auc: 0.4995 - val_loss: 0.5381 - val_auc: 0.5456
Epoch 2/500
1133/1133 - 1s - loss: 0.5292 - auc: 0.5647 - val_loss: 0.5180 - val_auc: 0.6373
Epoch 3/500
1133/1133 - 1s - loss: 0.5154 - auc: 0.6166 - val_loss: 0.5107 - val_auc: 0.6569
Epoch 4/500
1133/1133 - 1s - loss: 0.5103 - auc: 0.6317 - val_loss: 0.5105 - val_auc: 0.6542
Epoch 5/500
1133/1133 - 1s - loss: 0.5068 - auc: 0.6440 - val_loss: 0.5093 - val_auc: 0.6609
Epoch 6/500
1133/1133 - 1s - loss: 0.5057 - auc: 0.6484 - val_loss: 0.5105 - val_auc: 0.6574
Epoch 7/500
1133/1133 - 1s - loss: 0.5042 - auc: 0.6532 - val_loss: 0.5120 - val_auc: 0.6603
Epoch 8/500
1133/1133 - 1s - loss: 0.5028 - auc: 0.6568 - val_loss: 0.5101 - val_auc: 0.6592
Epoch 9/500
1133/1133 - 1s - loss: 0.5023 - auc: 0.6591 - val_loss: 0.5084 - val_auc: 0.6655
Epoch 10/500
1133/1133 - 1s - loss: 0.5020 - auc: 0.6607 - val_loss: 0.5076 - val_auc: 0.6679
Epoch 11/500
1133/1133 - 1s - loss: 0.5011 - auc: 0.6656 - val_loss: 0.5070 - val_auc: 0.6695
Epoch 12/500
1133/1133 - 1s - loss: 0.5008 - auc: 0.6651 - val_loss: 0.5084 - val_auc: 0.6701
Epoch 13/500
1133/1133 - 1s - loss: 0.4997 - auc: 0.6676 - val_loss: 0.5069 - val_auc: 0.6695
Epoch 14/500
1133/1133 - 1s - loss: 0.4990 - auc: 0.6698 - val_loss: 0.5076 - val_auc: 0.6685
Epoch 15/500
1133/1133 - 1s - loss: 0.4992 - auc: 0.6696 - val_loss: 0.5080 - val_auc: 0.6697
Epoch 16/500
1133/1133 - 1s - loss: 0.4992 - auc: 0.6718 - val_loss: 0.5072 - val_auc: 0.6700
Epoch 17/500
1133/1133 - 1s - loss: 0.4984 - auc: 0.6720 - val_loss: 0.5108 - val_auc: 0.6577
Epoch 18/500
1133/1133 - 1s - loss: 0.4988 - auc: 0.6725 - val_loss: 0.5079 - val_auc: 0.6672
Epoch 19/500
1133/1133 - 1s - loss: 0.4973 - auc: 0.6739 - val_loss: 0.5075 - val_auc: 0.6687
Epoch 20/500
1133/1133 - 1s - loss: 0.4964 - auc: 0.6763 - val_loss: 0.5078 - val_auc: 0.6683
Epoch 21/500
1133/1133 - 1s - loss: 0.4964 - auc: 0.6765 - val_loss: 0.5071 - val_auc: 0.6700
Epoch 22/500
1133/1133 - 1s - loss: 0.4965 - auc: 0.6769 - val_loss: 0.5069 - val_auc: 0.6693
Epoch 23/500
1133/1133 - 1s - loss: 0.4968 - auc: 0.6767 - val_loss: 0.5083 - val_auc: 0.6662
Epoch 24/500
1133/1133 - 1s - loss: 0.4970 - auc: 0.6782 - val_loss: 0.5079 - val_auc: 0.6689
Epoch 25/500
1133/1133 - 1s - loss: 0.4964 - auc: 0.6769 - val_loss: 0.5089 - val_auc: 0.6657
Epoch 26/500
1133/1133 - 1s - loss: 0.4962 - auc: 0.6787 - val_loss: 0.5079 - val_auc: 0.6686
Epoch 27/500
1133/1133 - 1s - loss: 0.4958 - auc: 0.6791 - val_loss: 0.5080 - val_auc: 0.6700
Epoch 28/500
1133/1133 - 1s - loss: 0.4960 - auc: 0.6803 - val_loss: 0.5077 - val_auc: 0.6691
Epoch 29/500
1133/1133 - 1s - loss: 0.4958 - auc: 0.6810 - val_loss: 0.5095 - val_auc: 0.6625
Epoch 30/500
1133/1133 - 1s - loss: 0.4950 - auc: 0.6815 - val_loss: 0.5093 - val_auc: 0.6659
Epoch 31/500
1133/1133 - 1s - loss: 0.4949 - auc: 0.6816 - val_loss: 0.5086 - val_auc: 0.6683
Epoch 32/500
1133/1133 - 1s - loss: 0.4950 - auc: 0.6818 - val_loss: 0.5072 - val_auc: 0.6705
Epoch 33/500
1133/1133 - 1s - loss: 0.4943 - auc: 0.6827 - val_loss: 0.5098 - val_auc: 0.6658
Epoch 34/500
1133/1133 - 1s - loss: 0.4946 - auc: 0.6827 - val_loss: 0.5077 - val_auc: 0.6700
Epoch 35/500
1133/1133 - 1s - loss: 0.4950 - auc: 0.6814 - val_loss: 0.5094 - val_auc: 0.6675
Epoch 36/500
1133/1133 - 1s - loss: 0.4943 - auc: 0.6828 - val_loss: 0.5087 - val_auc: 0.6668
Epoch 37/500
1133/1133 - 1s - loss: 0.4943 - auc: 0.6830 - val_loss: 0.5068 - val_auc: 0.6700
Epoch 38/500
1133/1133 - 1s - loss: 0.4941 - auc: 0.6837 - val_loss: 0.5073 - val_auc: 0.6693
Epoch 39/500
1133/1133 - 1s - loss: 0.4941 - auc: 0.6845 - val_loss: 0.5079 - val_auc: 0.6688
Epoch 40/500
1133/1133 - 1s - loss: 0.4950 - auc: 0.6827 - val_loss: 0.5081 - val_auc: 0.6671
Epoch 41/500
1133/1133 - 1s - loss: 0.4940 - auc: 0.6837 - val_loss: 0.5078 - val_auc: 0.6682
Epoch 42/500
1133/1133 - 1s - loss: 0.4939 - auc: 0.6850 - val_loss: 0.5078 - val_auc: 0.6687
Epoch 43/500
1133/1133 - 1s - loss: 0.4944 - auc: 0.6842 - val_loss: 0.5087 - val_auc: 0.6669
Epoch 44/500
1133/1133 - 1s - loss: 0.4943 - auc: 0.6831 - val_loss: 0.5081 - val_auc: 0.6678
Epoch 45/500
1133/1133 - 1s - loss: 0.4941 - auc: 0.6849 - val_loss: 0.5097 - val_auc: 0.6674
Epoch 46/500
1133/1133 - 1s - loss: 0.4934 - auc: 0.6852 - val_loss: 0.5088 - val_auc: 0.6671
Epoch 47/500
1133/1133 - 1s - loss: 0.4935 - auc: 0.6860 - val_loss: 0.5082 - val_auc: 0.6661
Epoch 48/500
1133/1133 - 1s - loss: 0.4946 - auc: 0.6833 - val_loss: 0.5085 - val_auc: 0.6671
Epoch 49/500
1133/1133 - 1s - loss: 0.4940 - auc: 0.6846 - val_loss: 0.5077 - val_auc: 0.6694
Epoch 50/500
1133/1133 - 1s - loss: 0.4935 - auc: 0.6857 - val_loss: 0.5089 - val_auc: 0.6654
Epoch 51/500
1133/1133 - 1s - loss: 0.4929 - auc: 0.6853 - val_loss: 0.5082 - val_auc: 0.6675
Epoch 52/500
1133/1133 - 1s - loss: 0.4939 - auc: 0.6851 - val_loss: 0.5078 - val_auc: 0.6688
Epoch 53/500
1133/1133 - 1s - loss: 0.4928 - auc: 0.6859 - val_loss: 0.5085 - val_auc: 0.6661
Epoch 54/500
1133/1133 - 1s - loss: 0.4933 - auc: 0.6864 - val_loss: 0.5090 - val_auc: 0.6678
Epoch 55/500
1133/1133 - 1s - loss: 0.4940 - auc: 0.6862 - val_loss: 0.5104 - val_auc: 0.6621
Epoch 56/500
1133/1133 - 1s - loss: 0.4929 - auc: 0.6870 - val_loss: 0.5080 - val_auc: 0.6676
Epoch 57/500
1133/1133 - 1s - loss: 0.4933 - auc: 0.6871 - val_loss: 0.5082 - val_auc: 0.6683
Epoch 58/500
1133/1133 - 1s - loss: 0.4934 - auc: 0.6867 - val_loss: 0.5090 - val_auc: 0.6645
Epoch 59/500
1133/1133 - 1s - loss: 0.4930 - auc: 0.6881 - val_loss: 0.5081 - val_auc: 0.6684
Epoch 60/500
1133/1133 - 1s - loss: 0.4931 - auc: 0.6870 - val_loss: 0.5082 - val_auc: 0.6678
Epoch 61/500
1133/1133 - 1s - loss: 0.4930 - auc: 0.6877 - val_loss: 0.5088 - val_auc: 0.6676
Epoch 62/500
1133/1133 - 1s - loss: 0.4931 - auc: 0.6874 - val_loss: 0.5095 - val_auc: 0.6651
Epoch 63/500
1133/1133 - 1s - loss: 0.4923 - auc: 0.6879 - val_loss: 0.5088 - val_auc: 0.6673
Epoch 64/500
1133/1133 - 1s - loss: 0.4931 - auc: 0.6870 - val_loss: 0.5082 - val_auc: 0.6682
Epoch 65/500
1133/1133 - 1s - loss: 0.4932 - auc: 0.6867 - val_loss: 0.5082 - val_auc: 0.6679
Epoch 66/500
1133/1133 - 1s - loss: 0.4933 - auc: 0.6870 - val_loss: 0.5078 - val_auc: 0.6690
Epoch 67/500
1133/1133 - 1s - loss: 0.4927 - auc: 0.6883 - val_loss: 0.5095 - val_auc: 0.6667
Epoch 68/500
1133/1133 - 1s - loss: 0.4922 - auc: 0.6884 - val_loss: 0.5088 - val_auc: 0.6666
Epoch 69/500
1133/1133 - 1s - loss: 0.4924 - auc: 0.6887 - val_loss: 0.5088 - val_auc: 0.6665
Epoch 70/500
1133/1133 - 1s - loss: 0.4935 - auc: 0.6864 - val_loss: 0.5084 - val_auc: 0.6670
Epoch 71/500
1133/1133 - 1s - loss: 0.4924 - auc: 0.6896 - val_loss: 0.5073 - val_auc: 0.6695
Epoch 72/500
1133/1133 - 1s - loss: 0.4928 - auc: 0.6880 - val_loss: 0.5081 - val_auc: 0.6681
Epoch 73/500
1133/1133 - 1s - loss: 0.4925 - auc: 0.6903 - val_loss: 0.5092 - val_auc: 0.6667
Epoch 74/500
1133/1133 - 1s - loss: 0.4916 - auc: 0.6887 - val_loss: 0.5077 - val_auc: 0.6677
Epoch 75/500
1133/1133 - 1s - loss: 0.4920 - auc: 0.6882 - val_loss: 0.5080 - val_auc: 0.6681
Epoch 76/500
1133/1133 - 1s - loss: 0.4917 - auc: 0.6898 - val_loss: 0.5083 - val_auc: 0.6678
Epoch 77/500
1133/1133 - 1s - loss: 0.4920 - auc: 0.6886 - val_loss: 0.5098 - val_auc: 0.6666
Epoch 78/500
1133/1133 - 1s - loss: 0.4923 - auc: 0.6890 - val_loss: 0.5079 - val_auc: 0.6680
Epoch 79/500
1133/1133 - 1s - loss: 0.4930 - auc: 0.6870 - val_loss: 0.5085 - val_auc: 0.6655
Epoch 80/500
1133/1133 - 1s - loss: 0.4926 - auc: 0.6881 - val_loss: 0.5085 - val_auc: 0.6675
Epoch 81/500
1133/1133 - 1s - loss: 0.4929 - auc: 0.6873 - val_loss: 0.5085 - val_auc: 0.6671
Epoch 82/500
1133/1133 - 1s - loss: 0.4921 - auc: 0.6898 - val_loss: 0.5099 - val_auc: 0.6661
Epoch 83/500
1133/1133 - 1s - loss: 0.4924 - auc: 0.6886 - val_loss: 0.5092 - val_auc: 0.6669
Epoch 84/500
1133/1133 - 1s - loss: 0.4925 - auc: 0.6881 - val_loss: 0.5099 - val_auc: 0.6642
Epoch 85/500
1133/1133 - 1s - loss: 0.4920 - auc: 0.6899 - val_loss: 0.5094 - val_auc: 0.6668
Epoch 86/500
1133/1133 - 1s - loss: 0.4917 - auc: 0.6892 - val_loss: 0.5107 - val_auc: 0.6653
Epoch 87/500
1133/1133 - 1s - loss: 0.4919 - auc: 0.6902 - val_loss: 0.5095 - val_auc: 0.6662
Epoch 88/500
1133/1133 - 1s - loss: 0.4926 - auc: 0.6899 - val_loss: 0.5095 - val_auc: 0.6640
Epoch 89/500
1133/1133 - 1s - loss: 0.4921 - auc: 0.6906 - val_loss: 0.5095 - val_auc: 0.6647
Epoch 90/500
1133/1133 - 1s - loss: 0.4923 - auc: 0.6886 - val_loss: 0.5097 - val_auc: 0.6642
Epoch 91/500
1133/1133 - 1s - loss: 0.4912 - auc: 0.6903 - val_loss: 0.5089 - val_auc: 0.6660
Epoch 92/500
1133/1133 - 1s - loss: 0.4925 - auc: 0.6887 - val_loss: 0.5079 - val_auc: 0.6681
Epoch 93/500
1133/1133 - 1s - loss: 0.4915 - auc: 0.6894 - val_loss: 0.5091 - val_auc: 0.6655
Epoch 94/500
1133/1133 - 1s - loss: 0.4923 - auc: 0.6903 - val_loss: 0.5097 - val_auc: 0.6654
Epoch 95/500
1133/1133 - 1s - loss: 0.4921 - auc: 0.6898 - val_loss: 0.5094 - val_auc: 0.6639
Epoch 96/500
1133/1133 - 1s - loss: 0.4918 - auc: 0.6908 - val_loss: 0.5086 - val_auc: 0.6683
Epoch 97/500
1133/1133 - 1s - loss: 0.4919 - auc: 0.6897 - val_loss: 0.5092 - val_auc: 0.6653
Epoch 98/500
1133/1133 - 1s - loss: 0.4921 - auc: 0.6894 - val_loss: 0.5082 - val_auc: 0.6680
Epoch 99/500
1133/1133 - 1s - loss: 0.4928 - auc: 0.6896 - val_loss: 0.5093 - val_auc: 0.6654
Epoch 100/500
1133/1133 - 1s - loss: 0.4915 - auc: 0.6913 - val_loss: 0.5107 - val_auc: 0.6632
Epoch 101/500
1133/1133 - 1s - loss: 0.4925 - auc: 0.6887 - val_loss: 0.5089 - val_auc: 0.6678
Epoch 102/500
1133/1133 - 1s - loss: 0.4911 - auc: 0.6907 - val_loss: 0.5088 - val_auc: 0.6660
Epoch 103/500
1133/1133 - 1s - loss: 0.4929 - auc: 0.6885 - val_loss: 0.5091 - val_auc: 0.6653
Epoch 104/500
1133/1133 - 1s - loss: 0.4920 - auc: 0.6904 - val_loss: 0.5095 - val_auc: 0.6641
Epoch 105/500
1133/1133 - 1s - loss: 0.4914 - auc: 0.6901 - val_loss: 0.5084 - val_auc: 0.6676
Epoch 106/500
1133/1133 - 1s - loss: 0.4918 - auc: 0.6898 - val_loss: 0.5102 - val_auc: 0.6642
Epoch 107/500
1133/1133 - 1s - loss: 0.4916 - auc: 0.6912 - val_loss: 0.5096 - val_auc: 0.6655
Epoch 108/500
1133/1133 - 1s - loss: 0.4920 - auc: 0.6915 - val_loss: 0.5092 - val_auc: 0.6655
Epoch 109/500
1133/1133 - 1s - loss: 0.4914 - auc: 0.6904 - val_loss: 0.5107 - val_auc: 0.6629
Epoch 110/500
1133/1133 - 1s - loss: 0.4914 - auc: 0.6908 - val_loss: 0.5091 - val_auc: 0.6649
Epoch 111/500
1133/1133 - 1s - loss: 0.4904 - auc: 0.6924 - val_loss: 0.5091 - val_auc: 0.6645
Epoch 112/500
1133/1133 - 1s - loss: 0.4902 - auc: 0.6921 - val_loss: 0.5092 - val_auc: 0.6654
Epoch 113/500
1133/1133 - 1s - loss: 0.4906 - auc: 0.6926 - val_loss: 0.5101 - val_auc: 0.6649
Epoch 114/500
1133/1133 - 1s - loss: 0.4909 - auc: 0.6912 - val_loss: 0.5093 - val_auc: 0.6656
Epoch 115/500
1133/1133 - 1s - loss: 0.4905 - auc: 0.6920 - val_loss: 0.5086 - val_auc: 0.6669
Epoch 116/500
1133/1133 - 1s - loss: 0.4911 - auc: 0.6910 - val_loss: 0.5102 - val_auc: 0.6651
Epoch 117/500
1133/1133 - 1s - loss: 0.4912 - auc: 0.6913 - val_loss: 0.5085 - val_auc: 0.6669
Epoch 118/500
1133/1133 - 1s - loss: 0.4918 - auc: 0.6905 - val_loss: 0.5102 - val_auc: 0.6647
Epoch 119/500
1133/1133 - 1s - loss: 0.4911 - auc: 0.6914 - val_loss: 0.5095 - val_auc: 0.6643
Epoch 120/500
1133/1133 - 1s - loss: 0.4915 - auc: 0.6903 - val_loss: 0.5085 - val_auc: 0.6669
Epoch 121/500
1133/1133 - 1s - loss: 0.4905 - auc: 0.6925 - val_loss: 0.5092 - val_auc: 0.6657
Epoch 122/500
1133/1133 - 1s - loss: 0.4911 - auc: 0.6916 - val_loss: 0.5094 - val_auc: 0.6659
Epoch 123/500
1133/1133 - 1s - loss: 0.4896 - auc: 0.6936 - val_loss: 0.5097 - val_auc: 0.6652
Epoch 124/500
1133/1133 - 1s - loss: 0.4914 - auc: 0.6916 - val_loss: 0.5088 - val_auc: 0.6651
Epoch 125/500
1133/1133 - 1s - loss: 0.4915 - auc: 0.6919 - val_loss: 0.5091 - val_auc: 0.6669
Epoch 126/500
1133/1133 - 1s - loss: 0.4907 - auc: 0.6916 - val_loss: 0.5089 - val_auc: 0.6664
Epoch 127/500
1133/1133 - 1s - loss: 0.4899 - auc: 0.6929 - val_loss: 0.5095 - val_auc: 0.6662
Epoch 128/500
1133/1133 - 1s - loss: 0.4899 - auc: 0.6933 - val_loss: 0.5093 - val_auc: 0.6658
Epoch 129/500
1133/1133 - 1s - loss: 0.4916 - auc: 0.6919 - val_loss: 0.5095 - val_auc: 0.6654
Epoch 130/500
1133/1133 - 1s - loss: 0.4918 - auc: 0.6898 - val_loss: 0.5101 - val_auc: 0.6639
Epoch 131/500
1133/1133 - 1s - loss: 0.4911 - auc: 0.6912 - val_loss: 0.5096 - val_auc: 0.6633
Epoch 132/500
1133/1133 - 1s - loss: 0.4902 - auc: 0.6923 - val_loss: 0.5091 - val_auc: 0.6672
Epoch 133/500
1133/1133 - 1s - loss: 0.4912 - auc: 0.6928 - val_loss: 0.5098 - val_auc: 0.6627
Epoch 134/500
1133/1133 - 1s - loss: 0.4908 - auc: 0.6927 - val_loss: 0.5107 - val_auc: 0.6663
Epoch 135/500
1133/1133 - 1s - loss: 0.4910 - auc: 0.6921 - val_loss: 0.5094 - val_auc: 0.6662
Epoch 136/500
1133/1133 - 1s - loss: 0.4903 - auc: 0.6945 - val_loss: 0.5100 - val_auc: 0.6647
Epoch 137/500
1133/1133 - 1s - loss: 0.4905 - auc: 0.6936 - val_loss: 0.5087 - val_auc: 0.6652
Epoch 138/500
1133/1133 - 1s - loss: 0.4899 - auc: 0.6947 - val_loss: 0.5095 - val_auc: 0.6654
Epoch 139/500
1133/1133 - 1s - loss: 0.4913 - auc: 0.6923 - val_loss: 0.5081 - val_auc: 0.6677
Epoch 140/500
1133/1133 - 1s - loss: 0.4911 - auc: 0.6916 - val_loss: 0.5080 - val_auc: 0.6668
Epoch 141/500
1133/1133 - 1s - loss: 0.4909 - auc: 0.6941 - val_loss: 0.5108 - val_auc: 0.6654
Epoch 142/500
1133/1133 - 1s - loss: 0.4906 - auc: 0.6929 - val_loss: 0.5101 - val_auc: 0.6627
Epoch 143/500
1133/1133 - 1s - loss: 0.4898 - auc: 0.6933 - val_loss: 0.5082 - val_auc: 0.6675
Epoch 144/500
1133/1133 - 1s - loss: 0.4904 - auc: 0.6955 - val_loss: 0.5097 - val_auc: 0.6667
Epoch 145/500
1133/1133 - 1s - loss: 0.4916 - auc: 0.6914 - val_loss: 0.5088 - val_auc: 0.6666
Epoch 146/500
1133/1133 - 1s - loss: 0.4907 - auc: 0.6934 - val_loss: 0.5092 - val_auc: 0.6653
Epoch 147/500
1133/1133 - 1s - loss: 0.4909 - auc: 0.6914 - val_loss: 0.5097 - val_auc: 0.6642
Epoch 148/500
1133/1133 - 1s - loss: 0.4906 - auc: 0.6928 - val_loss: 0.5095 - val_auc: 0.6663
Epoch 149/500
1133/1133 - 1s - loss: 0.4902 - auc: 0.6940 - val_loss: 0.5124 - val_auc: 0.6619
Epoch 150/500
1133/1133 - 1s - loss: 0.4905 - auc: 0.6933 - val_loss: 0.5077 - val_auc: 0.6683
Epoch 151/500
1133/1133 - 1s - loss: 0.4907 - auc: 0.6917 - val_loss: 0.5095 - val_auc: 0.6643
Epoch 152/500
1133/1133 - 1s - loss: 0.4904 - auc: 0.6931 - val_loss: 0.5087 - val_auc: 0.6647
Epoch 153/500
1133/1133 - 1s - loss: 0.4899 - auc: 0.6941 - val_loss: 0.5080 - val_auc: 0.6671
Epoch 154/500
1133/1133 - 1s - loss: 0.4913 - auc: 0.6929 - val_loss: 0.5090 - val_auc: 0.6663
Epoch 155/500
1133/1133 - 1s - loss: 0.4907 - auc: 0.6944 - val_loss: 0.5107 - val_auc: 0.6631
Epoch 156/500
1133/1133 - 1s - loss: 0.4903 - auc: 0.6929 - val_loss: 0.5086 - val_auc: 0.6653
Epoch 157/500
1133/1133 - 1s - loss: 0.4903 - auc: 0.6922 - val_loss: 0.5097 - val_auc: 0.6656
Epoch 158/500
1133/1133 - 1s - loss: 0.4899 - auc: 0.6943 - val_loss: 0.5087 - val_auc: 0.6668
Epoch 159/500
1133/1133 - 1s - loss: 0.4900 - auc: 0.6939 - val_loss: 0.5087 - val_auc: 0.6672
Epoch 160/500
1133/1133 - 1s - loss: 0.4900 - auc: 0.6935 - val_loss: 0.5091 - val_auc: 0.6669
Epoch 161/500
1133/1133 - 1s - loss: 0.4907 - auc: 0.6927 - val_loss: 0.5108 - val_auc: 0.6632
Epoch 162/500
1133/1133 - 1s - loss: 0.4907 - auc: 0.6943 - val_loss: 0.5098 - val_auc: 0.6638
Epoch 163/500
1133/1133 - 1s - loss: 0.4906 - auc: 0.6940 - val_loss: 0.5089 - val_auc: 0.6653
Epoch 164/500
1133/1133 - 1s - loss: 0.4898 - auc: 0.6937 - val_loss: 0.5092 - val_auc: 0.6641
Epoch 165/500
1133/1133 - 1s - loss: 0.4902 - auc: 0.6931 - val_loss: 0.5083 - val_auc: 0.6672
Epoch 166/500
1133/1133 - 1s - loss: 0.4898 - auc: 0.6949 - val_loss: 0.5097 - val_auc: 0.6660
Epoch 167/500
1133/1133 - 1s - loss: 0.4886 - auc: 0.6958 - val_loss: 0.5080 - val_auc: 0.6666
Epoch 168/500
1133/1133 - 1s - loss: 0.4902 - auc: 0.6955 - val_loss: 0.5087 - val_auc: 0.6660
Epoch 169/500
1133/1133 - 1s - loss: 0.4895 - auc: 0.6950 - val_loss: 0.5094 - val_auc: 0.6644
Epoch 170/500
1133/1133 - 1s - loss: 0.4893 - auc: 0.6947 - val_loss: 0.5096 - val_auc: 0.6645
Epoch 171/500
1133/1133 - 1s - loss: 0.4898 - auc: 0.6957 - val_loss: 0.5097 - val_auc: 0.6638
Epoch 172/500
1133/1133 - 1s - loss: 0.4901 - auc: 0.6936 - val_loss: 0.5094 - val_auc: 0.6649
Epoch 173/500
1133/1133 - 1s - loss: 0.4902 - auc: 0.6938 - val_loss: 0.5111 - val_auc: 0.6624
Epoch 174/500
1133/1133 - 1s - loss: 0.4896 - auc: 0.6936 - val_loss: 0.5105 - val_auc: 0.6651
Epoch 175/500
1133/1133 - 1s - loss: 0.4892 - auc: 0.6948 - val_loss: 0.5094 - val_auc: 0.6659
Epoch 176/500
1133/1133 - 1s - loss: 0.4899 - auc: 0.6943 - val_loss: 0.5101 - val_auc: 0.6627
Epoch 177/500
1133/1133 - 1s - loss: 0.4903 - auc: 0.6935 - val_loss: 0.5083 - val_auc: 0.6656
Epoch 178/500
1133/1133 - 1s - loss: 0.4893 - auc: 0.6940 - val_loss: 0.5093 - val_auc: 0.6666
Epoch 179/500
1133/1133 - 1s - loss: 0.4899 - auc: 0.6955 - val_loss: 0.5106 - val_auc: 0.6621
Epoch 180/500
1133/1133 - 1s - loss: 0.4899 - auc: 0.6944 - val_loss: 0.5105 - val_auc: 0.6629
Epoch 181/500
1133/1133 - 1s - loss: 0.4888 - auc: 0.6963 - val_loss: 0.5121 - val_auc: 0.6620
Epoch 182/500
1133/1133 - 1s - loss: 0.4901 - auc: 0.6931 - val_loss: 0.5097 - val_auc: 0.6649
Epoch 183/500
1133/1133 - 1s - loss: 0.4900 - auc: 0.6940 - val_loss: 0.5084 - val_auc: 0.6662
Epoch 184/500
1133/1133 - 1s - loss: 0.4887 - auc: 0.6958 - val_loss: 0.5104 - val_auc: 0.6614
Epoch 185/500
1133/1133 - 1s - loss: 0.4895 - auc: 0.6956 - val_loss: 0.5091 - val_auc: 0.6644
Epoch 186/500
1133/1133 - 1s - loss: 0.4891 - auc: 0.6960 - val_loss: 0.5101 - val_auc: 0.6649
Epoch 187/500
1133/1133 - 1s - loss: 0.4889 - auc: 0.6952 - val_loss: 0.5106 - val_auc: 0.6637
Epoch 188/500
1133/1133 - 1s - loss: 0.4888 - auc: 0.6952 - val_loss: 0.5107 - val_auc: 0.6643
Epoch 189/500
1133/1133 - 1s - loss: 0.4895 - auc: 0.6937 - val_loss: 0.5099 - val_auc: 0.6631
Epoch 190/500
1133/1133 - 1s - loss: 0.4892 - auc: 0.6954 - val_loss: 0.5102 - val_auc: 0.6632
Epoch 191/500
1133/1133 - 1s - loss: 0.4896 - auc: 0.6951 - val_loss: 0.5098 - val_auc: 0.6652
Epoch 192/500
1133/1133 - 1s - loss: 0.4904 - auc: 0.6939 - val_loss: 0.5098 - val_auc: 0.6626
Epoch 193/500
1133/1133 - 1s - loss: 0.4897 - auc: 0.6944 - val_loss: 0.5103 - val_auc: 0.6636
Epoch 194/500
1133/1133 - 1s - loss: 0.4895 - auc: 0.6939 - val_loss: 0.5094 - val_auc: 0.6645
Epoch 195/500
1133/1133 - 1s - loss: 0.4891 - auc: 0.6954 - val_loss: 0.5106 - val_auc: 0.6630
Epoch 196/500
1133/1133 - 1s - loss: 0.4902 - auc: 0.6919 - val_loss: 0.5102 - val_auc: 0.6635
Epoch 197/500
1133/1133 - 1s - loss: 0.4888 - auc: 0.6965 - val_loss: 0.5098 - val_auc: 0.6651
Epoch 198/500
1133/1133 - 1s - loss: 0.4892 - auc: 0.6953 - val_loss: 0.5090 - val_auc: 0.6645
Epoch 199/500
1133/1133 - 1s - loss: 0.4891 - auc: 0.6944 - val_loss: 0.5103 - val_auc: 0.6627
Epoch 200/500
1133/1133 - 1s - loss: 0.4888 - auc: 0.6963 - val_loss: 0.5115 - val_auc: 0.6611
Epoch 201/500
1133/1133 - 1s - loss: 0.4905 - auc: 0.6941 - val_loss: 0.5102 - val_auc: 0.6637
Epoch 202/500
1133/1133 - 1s - loss: 0.4884 - auc: 0.6959 - val_loss: 0.5097 - val_auc: 0.6628
Epoch 203/500
1133/1133 - 1s - loss: 0.4893 - auc: 0.6959 - val_loss: 0.5112 - val_auc: 0.6611
Epoch 204/500
1133/1133 - 1s - loss: 0.4896 - auc: 0.6934 - val_loss: 0.5105 - val_auc: 0.6617
Epoch 205/500
1133/1133 - 1s - loss: 0.4899 - auc: 0.6948 - val_loss: 0.5109 - val_auc: 0.6619
Epoch 206/500
1133/1133 - 1s - loss: 0.4885 - auc: 0.6958 - val_loss: 0.5095 - val_auc: 0.6648
Epoch 207/500
1133/1133 - 1s - loss: 0.4895 - auc: 0.6945 - val_loss: 0.5089 - val_auc: 0.6652
Epoch 208/500
1133/1133 - 1s - loss: 0.4897 - auc: 0.6952 - val_loss: 0.5107 - val_auc: 0.6614
Epoch 209/500
1133/1133 - 1s - loss: 0.4904 - auc: 0.6936 - val_loss: 0.5109 - val_auc: 0.6627
Epoch 210/500
1133/1133 - 1s - loss: 0.4892 - auc: 0.6951 - val_loss: 0.5119 - val_auc: 0.6617
Epoch 211/500
1133/1133 - 1s - loss: 0.4889 - auc: 0.6949 - val_loss: 0.5102 - val_auc: 0.6614
Epoch 212/500
1133/1133 - 1s - loss: 0.4897 - auc: 0.6955 - val_loss: 0.5110 - val_auc: 0.6610
Epoch 213/500
1133/1133 - 1s - loss: 0.4894 - auc: 0.6958 - val_loss: 0.5101 - val_auc: 0.6614
Epoch 214/500
1133/1133 - 1s - loss: 0.4896 - auc: 0.6944 - val_loss: 0.5099 - val_auc: 0.6628
Epoch 215/500
1133/1133 - 1s - loss: 0.4910 - auc: 0.6920 - val_loss: 0.5098 - val_auc: 0.6632
Epoch 216/500
1133/1133 - 1s - loss: 0.4883 - auc: 0.6969 - val_loss: 0.5107 - val_auc: 0.6627
Epoch 217/500
1133/1133 - 1s - loss: 0.4889 - auc: 0.6963 - val_loss: 0.5112 - val_auc: 0.6624
Epoch 218/500
1133/1133 - 1s - loss: 0.4893 - auc: 0.6959 - val_loss: 0.5103 - val_auc: 0.6615
Epoch 219/500
1133/1133 - 1s - loss: 0.4888 - auc: 0.6958 - val_loss: 0.5097 - val_auc: 0.6627
Epoch 220/500
1133/1133 - 1s - loss: 0.4890 - auc: 0.6971 - val_loss: 0.5099 - val_auc: 0.6631
Epoch 221/500
1133/1133 - 1s - loss: 0.4893 - auc: 0.6952 - val_loss: 0.5109 - val_auc: 0.6622
Epoch 222/500
1133/1133 - 1s - loss: 0.4881 - auc: 0.6981 - val_loss: 0.5103 - val_auc: 0.6608
Epoch 223/500
1133/1133 - 1s - loss: 0.4889 - auc: 0.6954 - val_loss: 0.5105 - val_auc: 0.6628
Epoch 224/500
1133/1133 - 1s - loss: 0.4889 - auc: 0.6957 - val_loss: 0.5105 - val_auc: 0.6633
Epoch 225/500
1133/1133 - 1s - loss: 0.4887 - auc: 0.6963 - val_loss: 0.5109 - val_auc: 0.6613
Epoch 226/500
1133/1133 - 1s - loss: 0.4897 - auc: 0.6949 - val_loss: 0.5101 - val_auc: 0.6611
Epoch 227/500
1133/1133 - 1s - loss: 0.4883 - auc: 0.6975 - val_loss: 0.5111 - val_auc: 0.6620
Epoch 228/500
1133/1133 - 1s - loss: 0.4890 - auc: 0.6957 - val_loss: 0.5110 - val_auc: 0.6619
Epoch 229/500
1133/1133 - 1s - loss: 0.4891 - auc: 0.6957 - val_loss: 0.5110 - val_auc: 0.6611
Epoch 230/500
1133/1133 - 1s - loss: 0.4888 - auc: 0.6956 - val_loss: 0.5115 - val_auc: 0.6626
Epoch 231/500
1133/1133 - 1s - loss: 0.4892 - auc: 0.6952 - val_loss: 0.5109 - val_auc: 0.6611
Epoch 232/500
1133/1133 - 1s - loss: 0.4894 - auc: 0.6953 - val_loss: 0.5107 - val_auc: 0.6608
Epoch 233/500
1133/1133 - 1s - loss: 0.4880 - auc: 0.6971 - val_loss: 0.5103 - val_auc: 0.6630
Epoch 234/500
1133/1133 - 1s - loss: 0.4880 - auc: 0.6967 - val_loss: 0.5114 - val_auc: 0.6613
Epoch 235/500
1133/1133 - 1s - loss: 0.4884 - auc: 0.6966 - val_loss: 0.5099 - val_auc: 0.6625
Epoch 236/500
1133/1133 - 1s - loss: 0.4895 - auc: 0.6968 - val_loss: 0.5101 - val_auc: 0.6617
Epoch 237/500
1133/1133 - 1s - loss: 0.4887 - auc: 0.6965 - val_loss: 0.5117 - val_auc: 0.6610
Epoch 238/500
1133/1133 - 1s - loss: 0.4888 - auc: 0.6968 - val_loss: 0.5104 - val_auc: 0.6612
Epoch 239/500
1133/1133 - 1s - loss: 0.4886 - auc: 0.6972 - val_loss: 0.5107 - val_auc: 0.6605
Epoch 240/500
1133/1133 - 1s - loss: 0.4901 - auc: 0.6936 - val_loss: 0.5103 - val_auc: 0.6603
Epoch 241/500
1133/1133 - 1s - loss: 0.4893 - auc: 0.6949 - val_loss: 0.5111 - val_auc: 0.6626
Epoch 242/500
1133/1133 - 1s - loss: 0.4883 - auc: 0.6982 - val_loss: 0.5117 - val_auc: 0.6639
Epoch 243/500
1133/1133 - 1s - loss: 0.4888 - auc: 0.6973 - val_loss: 0.5096 - val_auc: 0.6623
Epoch 244/500
1133/1133 - 1s - loss: 0.4886 - auc: 0.6962 - val_loss: 0.5105 - val_auc: 0.6617
Epoch 245/500
1133/1133 - 1s - loss: 0.4885 - auc: 0.6966 - val_loss: 0.5104 - val_auc: 0.6614
Epoch 246/500
1133/1133 - 1s - loss: 0.4889 - auc: 0.6953 - val_loss: 0.5104 - val_auc: 0.6622
Epoch 247/500
1133/1133 - 1s - loss: 0.4890 - auc: 0.6959 - val_loss: 0.5108 - val_auc: 0.6603
Epoch 248/500
1133/1133 - 1s - loss: 0.4892 - auc: 0.6955 - val_loss: 0.5113 - val_auc: 0.6618
Epoch 249/500
1133/1133 - 1s - loss: 0.4886 - auc: 0.6968 - val_loss: 0.5103 - val_auc: 0.6629
Epoch 250/500
1133/1133 - 1s - loss: 0.4889 - auc: 0.6957 - val_loss: 0.5099 - val_auc: 0.6629
Epoch 251/500
1133/1133 - 1s - loss: 0.4893 - auc: 0.6945 - val_loss: 0.5098 - val_auc: 0.6621
Epoch 252/500
1133/1133 - 1s - loss: 0.4891 - auc: 0.6964 - val_loss: 0.5112 - val_auc: 0.6614
Epoch 253/500
1133/1133 - 1s - loss: 0.4884 - auc: 0.6980 - val_loss: 0.5125 - val_auc: 0.6601
Epoch 254/500
1133/1133 - 1s - loss: 0.4889 - auc: 0.6953 - val_loss: 0.5105 - val_auc: 0.6608
Epoch 255/500
1133/1133 - 1s - loss: 0.4884 - auc: 0.6977 - val_loss: 0.5110 - val_auc: 0.6612
Epoch 256/500
1133/1133 - 1s - loss: 0.4888 - auc: 0.6960 - val_loss: 0.5116 - val_auc: 0.6597
Epoch 257/500
1133/1133 - 1s - loss: 0.4881 - auc: 0.6965 - val_loss: 0.5109 - val_auc: 0.6630
Epoch 258/500
1133/1133 - 1s - loss: 0.4887 - auc: 0.6963 - val_loss: 0.5101 - val_auc: 0.6612
Epoch 259/500
1133/1133 - 1s - loss: 0.4887 - auc: 0.6961 - val_loss: 0.5107 - val_auc: 0.6613
Epoch 260/500
1133/1133 - 1s - loss: 0.4886 - auc: 0.6968 - val_loss: 0.5090 - val_auc: 0.6635
Epoch 261/500
1133/1133 - 1s - loss: 0.4885 - auc: 0.6971 - val_loss: 0.5107 - val_auc: 0.6627
Epoch 262/500
1133/1133 - 1s - loss: 0.4895 - auc: 0.6948 - val_loss: 0.5104 - val_auc: 0.6616
Epoch 263/500
1133/1133 - 1s - loss: 0.4888 - auc: 0.6966 - val_loss: 0.5106 - val_auc: 0.6628
Epoch 264/500
1133/1133 - 1s - loss: 0.4892 - auc: 0.6970 - val_loss: 0.5112 - val_auc: 0.6611
Epoch 265/500
1133/1133 - 1s - loss: 0.4887 - auc: 0.6973 - val_loss: 0.5114 - val_auc: 0.6617
Epoch 266/500
1133/1133 - 1s - loss: 0.4887 - auc: 0.6959 - val_loss: 0.5124 - val_auc: 0.6618
Epoch 267/500
1133/1133 - 1s - loss: 0.4886 - auc: 0.6963 - val_loss: 0.5113 - val_auc: 0.6620
Epoch 268/500
1133/1133 - 1s - loss: 0.4892 - auc: 0.6950 - val_loss: 0.5098 - val_auc: 0.6630
Epoch 269/500
1133/1133 - 1s - loss: 0.4885 - auc: 0.6968 - val_loss: 0.5106 - val_auc: 0.6607
Epoch 270/500
1133/1133 - 1s - loss: 0.4885 - auc: 0.6972 - val_loss: 0.5115 - val_auc: 0.6601
Epoch 271/500
1133/1133 - 1s - loss: 0.4887 - auc: 0.6967 - val_loss: 0.5131 - val_auc: 0.6588
Epoch 272/500
1133/1133 - 1s - loss: 0.4885 - auc: 0.6968 - val_loss: 0.5111 - val_auc: 0.6611
Epoch 273/500
1133/1133 - 1s - loss: 0.4888 - auc: 0.6958 - val_loss: 0.5104 - val_auc: 0.6605
Epoch 274/500
1133/1133 - 1s - loss: 0.4899 - auc: 0.6956 - val_loss: 0.5107 - val_auc: 0.6607
Epoch 275/500
1133/1133 - 1s - loss: 0.4892 - auc: 0.6955 - val_loss: 0.5099 - val_auc: 0.6626
Epoch 276/500
1133/1133 - 1s - loss: 0.4888 - auc: 0.6963 - val_loss: 0.5096 - val_auc: 0.6611
Epoch 277/500
1133/1133 - 1s - loss: 0.4891 - auc: 0.6963 - val_loss: 0.5105 - val_auc: 0.6625
Epoch 278/500
1133/1133 - 1s - loss: 0.4888 - auc: 0.6964 - val_loss: 0.5106 - val_auc: 0.6616
Epoch 279/500
1133/1133 - 1s - loss: 0.4882 - auc: 0.6980 - val_loss: 0.5138 - val_auc: 0.6591
Epoch 280/500
1133/1133 - 1s - loss: 0.4885 - auc: 0.6966 - val_loss: 0.5115 - val_auc: 0.6622
Epoch 281/500
1133/1133 - 1s - loss: 0.4888 - auc: 0.6966 - val_loss: 0.5105 - val_auc: 0.6620
Epoch 282/500
1133/1133 - 1s - loss: 0.4884 - auc: 0.6980 - val_loss: 0.5106 - val_auc: 0.6602
Epoch 283/500
1133/1133 - 1s - loss: 0.4884 - auc: 0.6969 - val_loss: 0.5101 - val_auc: 0.6618
Epoch 284/500
1133/1133 - 1s - loss: 0.4887 - auc: 0.6979 - val_loss: 0.5102 - val_auc: 0.6602
Epoch 285/500
1133/1133 - 2s - loss: 0.4892 - auc: 0.6961 - val_loss: 0.5102 - val_auc: 0.6618
Epoch 286/500
1133/1133 - 2s - loss: 0.4895 - auc: 0.6968 - val_loss: 0.5094 - val_auc: 0.6622
Epoch 287/500
1133/1133 - 2s - loss: 0.4891 - auc: 0.6962 - val_loss: 0.5125 - val_auc: 0.6614
Epoch 288/500
1133/1133 - 2s - loss: 0.4881 - auc: 0.6975 - val_loss: 0.5101 - val_auc: 0.6611
Epoch 289/500
1133/1133 - 2s - loss: 0.4885 - auc: 0.6977 - val_loss: 0.5101 - val_auc: 0.6626
Epoch 290/500
1133/1133 - 2s - loss: 0.4897 - auc: 0.6948 - val_loss: 0.5102 - val_auc: 0.6616
Epoch 291/500
1133/1133 - 2s - loss: 0.4887 - auc: 0.6968 - val_loss: 0.5122 - val_auc: 0.6608
Epoch 292/500
1133/1133 - 2s - loss: 0.4885 - auc: 0.6965 - val_loss: 0.5118 - val_auc: 0.6605
Epoch 293/500
1133/1133 - 2s - loss: 0.4884 - auc: 0.6974 - val_loss: 0.5100 - val_auc: 0.6614
Epoch 294/500
1133/1133 - 2s - loss: 0.4884 - auc: 0.6971 - val_loss: 0.5104 - val_auc: 0.6621
Epoch 295/500
1133/1133 - 2s - loss: 0.4892 - auc: 0.6960 - val_loss: 0.5121 - val_auc: 0.6615
Epoch 296/500
1133/1133 - 2s - loss: 0.4890 - auc: 0.6960 - val_loss: 0.5102 - val_auc: 0.6620
Epoch 297/500
1133/1133 - 2s - loss: 0.4889 - auc: 0.6961 - val_loss: 0.5125 - val_auc: 0.6603
Epoch 298/500
1133/1133 - 2s - loss: 0.4891 - auc: 0.6961 - val_loss: 0.5113 - val_auc: 0.6608
Epoch 299/500
1133/1133 - 2s - loss: 0.4885 - auc: 0.6984 - val_loss: 0.5121 - val_auc: 0.6611
Epoch 300/500
1133/1133 - 2s - loss: 0.4884 - auc: 0.6970 - val_loss: 0.5125 - val_auc: 0.6614
Epoch 301/500
1133/1133 - 2s - loss: 0.4890 - auc: 0.6954 - val_loss: 0.5108 - val_auc: 0.6609
Epoch 302/500
1133/1133 - 2s - loss: 0.4891 - auc: 0.6969 - val_loss: 0.5115 - val_auc: 0.6594
Epoch 303/500
1133/1133 - 2s - loss: 0.4889 - auc: 0.6961 - val_loss: 0.5117 - val_auc: 0.6602
Epoch 304/500
1133/1133 - 2s - loss: 0.4888 - auc: 0.6976 - val_loss: 0.5111 - val_auc: 0.6593
Epoch 305/500
1133/1133 - 2s - loss: 0.4881 - auc: 0.6974 - val_loss: 0.5110 - val_auc: 0.6612
Epoch 306/500
1133/1133 - 2s - loss: 0.4890 - auc: 0.6966 - val_loss: 0.5109 - val_auc: 0.6600
Epoch 307/500
1133/1133 - 2s - loss: 0.4889 - auc: 0.6970 - val_loss: 0.5109 - val_auc: 0.6605
Epoch 308/500
1133/1133 - 2s - loss: 0.4880 - auc: 0.6979 - val_loss: 0.5131 - val_auc: 0.6599
Epoch 309/500
1133/1133 - 2s - loss: 0.4884 - auc: 0.6954 - val_loss: 0.5131 - val_auc: 0.6617
Epoch 310/500
1133/1133 - 2s - loss: 0.4889 - auc: 0.6976 - val_loss: 0.5107 - val_auc: 0.6605
Epoch 311/500
1133/1133 - 2s - loss: 0.4877 - auc: 0.6980 - val_loss: 0.5118 - val_auc: 0.6603
Epoch 312/500
1133/1133 - 2s - loss: 0.4887 - auc: 0.6973 - val_loss: 0.5113 - val_auc: 0.6600
Epoch 313/500
1133/1133 - 2s - loss: 0.4886 - auc: 0.6974 - val_loss: 0.5108 - val_auc: 0.6602
Epoch 314/500
1133/1133 - 2s - loss: 0.4879 - auc: 0.6981 - val_loss: 0.5112 - val_auc: 0.6598
Epoch 315/500
1133/1133 - 2s - loss: 0.4889 - auc: 0.6958 - val_loss: 0.5106 - val_auc: 0.6615
Epoch 316/500
1133/1133 - 2s - loss: 0.4889 - auc: 0.6968 - val_loss: 0.5106 - val_auc: 0.6595
Epoch 317/500
1133/1133 - 2s - loss: 0.4877 - auc: 0.6970 - val_loss: 0.5103 - val_auc: 0.6624
Epoch 318/500
1133/1133 - 2s - loss: 0.4875 - auc: 0.6998 - val_loss: 0.5138 - val_auc: 0.6579
Epoch 319/500
1133/1133 - 2s - loss: 0.4881 - auc: 0.6975 - val_loss: 0.5123 - val_auc: 0.6613
Epoch 320/500
1133/1133 - 2s - loss: 0.4891 - auc: 0.6979 - val_loss: 0.5103 - val_auc: 0.6628
Epoch 321/500
1133/1133 - 1s - loss: 0.4886 - auc: 0.6965 - val_loss: 0.5107 - val_auc: 0.6612
Epoch 322/500
1133/1133 - 2s - loss: 0.4891 - auc: 0.6967 - val_loss: 0.5102 - val_auc: 0.6623
Epoch 323/500
1133/1133 - 2s - loss: 0.4886 - auc: 0.6975 - val_loss: 0.5105 - val_auc: 0.6608
Epoch 324/500
1133/1133 - 2s - loss: 0.4881 - auc: 0.6974 - val_loss: 0.5124 - val_auc: 0.6584
Epoch 325/500
1133/1133 - 2s - loss: 0.4895 - auc: 0.6968 - val_loss: 0.5103 - val_auc: 0.6612
Epoch 326/500
1133/1133 - 2s - loss: 0.4884 - auc: 0.6979 - val_loss: 0.5101 - val_auc: 0.6618
Epoch 327/500
1133/1133 - 2s - loss: 0.4889 - auc: 0.6975 - val_loss: 0.5095 - val_auc: 0.6615
Epoch 328/500
1133/1133 - 2s - loss: 0.4884 - auc: 0.6986 - val_loss: 0.5103 - val_auc: 0.6608
Epoch 329/500
1133/1133 - 2s - loss: 0.4890 - auc: 0.6969 - val_loss: 0.5106 - val_auc: 0.6599
Epoch 330/500
1133/1133 - 2s - loss: 0.4879 - auc: 0.6978 - val_loss: 0.5104 - val_auc: 0.6613
Epoch 331/500
1133/1133 - 2s - loss: 0.4888 - auc: 0.6970 - val_loss: 0.5107 - val_auc: 0.6606
Epoch 332/500
1133/1133 - 2s - loss: 0.4883 - auc: 0.6979 - val_loss: 0.5120 - val_auc: 0.6602
Epoch 333/500
1133/1133 - 2s - loss: 0.4872 - auc: 0.6993 - val_loss: 0.5110 - val_auc: 0.6607
Epoch 334/500
1133/1133 - 2s - loss: 0.4880 - auc: 0.6978 - val_loss: 0.5106 - val_auc: 0.6612
Epoch 335/500
1133/1133 - 2s - loss: 0.4878 - auc: 0.6974 - val_loss: 0.5095 - val_auc: 0.6623
Epoch 336/500
1133/1133 - 2s - loss: 0.4882 - auc: 0.6987 - val_loss: 0.5111 - val_auc: 0.6621
Epoch 337/500
1133/1133 - 2s - loss: 0.4886 - auc: 0.6975 - val_loss: 0.5111 - val_auc: 0.6605
Epoch 338/500
1133/1133 - 2s - loss: 0.4884 - auc: 0.6981 - val_loss: 0.5107 - val_auc: 0.6608
Epoch 339/500
1133/1133 - 2s - loss: 0.4883 - auc: 0.6978 - val_loss: 0.5117 - val_auc: 0.6596
Epoch 340/500
1133/1133 - 2s - loss: 0.4886 - auc: 0.6982 - val_loss: 0.5104 - val_auc: 0.6612
Epoch 341/500
1133/1133 - 2s - loss: 0.4872 - auc: 0.6987 - val_loss: 0.5106 - val_auc: 0.6624
Epoch 342/500
1133/1133 - 2s - loss: 0.4882 - auc: 0.6990 - val_loss: 0.5108 - val_auc: 0.6620
Epoch 343/500
1133/1133 - 2s - loss: 0.4874 - auc: 0.6988 - val_loss: 0.5119 - val_auc: 0.6592
Epoch 344/500
1133/1133 - 2s - loss: 0.4884 - auc: 0.6970 - val_loss: 0.5122 - val_auc: 0.6581
Epoch 345/500
1133/1133 - 1s - loss: 0.4890 - auc: 0.6977 - val_loss: 0.5142 - val_auc: 0.6589
Epoch 346/500
1133/1133 - 2s - loss: 0.4889 - auc: 0.6962 - val_loss: 0.5103 - val_auc: 0.6599
Epoch 347/500
1133/1133 - 1s - loss: 0.4881 - auc: 0.6979 - val_loss: 0.5107 - val_auc: 0.6615
Epoch 348/500
1133/1133 - 2s - loss: 0.4878 - auc: 0.6987 - val_loss: 0.5113 - val_auc: 0.6610
Epoch 349/500
1133/1133 - 2s - loss: 0.4879 - auc: 0.6981 - val_loss: 0.5113 - val_auc: 0.6596
Epoch 350/500
1133/1133 - 2s - loss: 0.4885 - auc: 0.6979 - val_loss: 0.5121 - val_auc: 0.6583
Epoch 351/500
1133/1133 - 2s - loss: 0.4882 - auc: 0.6976 - val_loss: 0.5117 - val_auc: 0.6609
Epoch 352/500
1133/1133 - 2s - loss: 0.4879 - auc: 0.6973 - val_loss: 0.5098 - val_auc: 0.6617
Epoch 353/500
1133/1133 - 2s - loss: 0.4880 - auc: 0.6974 - val_loss: 0.5106 - val_auc: 0.6620
Epoch 354/500
1133/1133 - 2s - loss: 0.4876 - auc: 0.6987 - val_loss: 0.5115 - val_auc: 0.6600
Epoch 355/500
1133/1133 - 2s - loss: 0.4883 - auc: 0.6986 - val_loss: 0.5101 - val_auc: 0.6603
Epoch 356/500
1133/1133 - 2s - loss: 0.4875 - auc: 0.6988 - val_loss: 0.5105 - val_auc: 0.6612
Epoch 357/500
1133/1133 - 2s - loss: 0.4886 - auc: 0.6975 - val_loss: 0.5112 - val_auc: 0.6607
Epoch 358/500
1133/1133 - 2s - loss: 0.4885 - auc: 0.6966 - val_loss: 0.5116 - val_auc: 0.6613
Epoch 359/500
1133/1133 - 2s - loss: 0.4885 - auc: 0.6986 - val_loss: 0.5119 - val_auc: 0.6619
Epoch 360/500
1133/1133 - 2s - loss: 0.4881 - auc: 0.6971 - val_loss: 0.5099 - val_auc: 0.6616
Epoch 361/500
1133/1133 - 1s - loss: 0.4889 - auc: 0.6977 - val_loss: 0.5108 - val_auc: 0.6603
Epoch 362/500
1133/1133 - 2s - loss: 0.4883 - auc: 0.6985 - val_loss: 0.5115 - val_auc: 0.6604
Epoch 363/500
1133/1133 - 2s - loss: 0.4888 - auc: 0.6970 - val_loss: 0.5101 - val_auc: 0.6606
Epoch 364/500
1133/1133 - 1s - loss: 0.4883 - auc: 0.6967 - val_loss: 0.5103 - val_auc: 0.6619
Epoch 365/500
1133/1133 - 1s - loss: 0.4886 - auc: 0.6984 - val_loss: 0.5118 - val_auc: 0.6589
Epoch 366/500
1133/1133 - 1s - loss: 0.4877 - auc: 0.6988 - val_loss: 0.5103 - val_auc: 0.6604
Epoch 367/500
1133/1133 - 1s - loss: 0.4891 - auc: 0.6971 - val_loss: 0.5124 - val_auc: 0.6594
Epoch 368/500
1133/1133 - 1s - loss: 0.4883 - auc: 0.6967 - val_loss: 0.5105 - val_auc: 0.6601
Epoch 369/500
1133/1133 - 1s - loss: 0.4885 - auc: 0.6968 - val_loss: 0.5104 - val_auc: 0.6607
Epoch 370/500
1133/1133 - 1s - loss: 0.4880 - auc: 0.6985 - val_loss: 0.5115 - val_auc: 0.6599
Epoch 371/500
1133/1133 - 1s - loss: 0.4888 - auc: 0.6972 - val_loss: 0.5107 - val_auc: 0.6601
Epoch 372/500
1133/1133 - 1s - loss: 0.4882 - auc: 0.6973 - val_loss: 0.5100 - val_auc: 0.6611
Epoch 373/500
1133/1133 - 1s - loss: 0.4886 - auc: 0.6970 - val_loss: 0.5123 - val_auc: 0.6602
Epoch 374/500
1133/1133 - 1s - loss: 0.4886 - auc: 0.6964 - val_loss: 0.5099 - val_auc: 0.6611
Epoch 375/500
1133/1133 - 1s - loss: 0.4883 - auc: 0.6983 - val_loss: 0.5113 - val_auc: 0.6595
Epoch 376/500
1133/1133 - 1s - loss: 0.4882 - auc: 0.6974 - val_loss: 0.5107 - val_auc: 0.6610
Epoch 377/500
1133/1133 - 1s - loss: 0.4885 - auc: 0.6983 - val_loss: 0.5130 - val_auc: 0.6590
Epoch 378/500
1133/1133 - 1s - loss: 0.4887 - auc: 0.6978 - val_loss: 0.5110 - val_auc: 0.6598
Epoch 379/500
1133/1133 - 1s - loss: 0.4887 - auc: 0.6977 - val_loss: 0.5122 - val_auc: 0.6614
Epoch 380/500
1133/1133 - 1s - loss: 0.4886 - auc: 0.6982 - val_loss: 0.5127 - val_auc: 0.6608
Epoch 381/500
1133/1133 - 1s - loss: 0.4887 - auc: 0.6972 - val_loss: 0.5093 - val_auc: 0.6633
Epoch 382/500
1133/1133 - 1s - loss: 0.4874 - auc: 0.6996 - val_loss: 0.5137 - val_auc: 0.6590
Epoch 383/500
1133/1133 - 1s - loss: 0.4886 - auc: 0.6978 - val_loss: 0.5094 - val_auc: 0.6626
Epoch 384/500
1133/1133 - 1s - loss: 0.4885 - auc: 0.6976 - val_loss: 0.5119 - val_auc: 0.6614
Epoch 385/500
1133/1133 - 2s - loss: 0.4885 - auc: 0.6986 - val_loss: 0.5103 - val_auc: 0.6610
Epoch 386/500
1133/1133 - 2s - loss: 0.4885 - auc: 0.6969 - val_loss: 0.5107 - val_auc: 0.6616
Epoch 387/500
1133/1133 - 2s - loss: 0.4885 - auc: 0.6974 - val_loss: 0.5106 - val_auc: 0.6604
Epoch 388/500
1133/1133 - 2s - loss: 0.4882 - auc: 0.6977 - val_loss: 0.5107 - val_auc: 0.6632
Epoch 389/500
1133/1133 - 2s - loss: 0.4874 - auc: 0.6978 - val_loss: 0.5104 - val_auc: 0.6610
Epoch 390/500
1133/1133 - 2s - loss: 0.4882 - auc: 0.6970 - val_loss: 0.5120 - val_auc: 0.6625
Epoch 391/500
1133/1133 - 2s - loss: 0.4880 - auc: 0.6984 - val_loss: 0.5109 - val_auc: 0.6606
Epoch 392/500
1133/1133 - 2s - loss: 0.4884 - auc: 0.6983 - val_loss: 0.5097 - val_auc: 0.6633
Epoch 393/500
1133/1133 - 2s - loss: 0.4885 - auc: 0.6975 - val_loss: 0.5108 - val_auc: 0.6628
Epoch 394/500
1133/1133 - 2s - loss: 0.4886 - auc: 0.6976 - val_loss: 0.5098 - val_auc: 0.6612
Epoch 395/500
1133/1133 - 2s - loss: 0.4872 - auc: 0.6976 - val_loss: 0.5109 - val_auc: 0.6614
Epoch 396/500
1133/1133 - 2s - loss: 0.4880 - auc: 0.6985 - val_loss: 0.5142 - val_auc: 0.6568
Epoch 397/500
1133/1133 - 2s - loss: 0.4884 - auc: 0.6978 - val_loss: 0.5122 - val_auc: 0.6584
Epoch 398/500
1133/1133 - 2s - loss: 0.4888 - auc: 0.6972 - val_loss: 0.5111 - val_auc: 0.6607
Epoch 399/500
1133/1133 - 2s - loss: 0.4878 - auc: 0.6987 - val_loss: 0.5111 - val_auc: 0.6600
Epoch 400/500
1133/1133 - 2s - loss: 0.4886 - auc: 0.6977 - val_loss: 0.5132 - val_auc: 0.6598
Epoch 401/500
1133/1133 - 2s - loss: 0.4881 - auc: 0.6979 - val_loss: 0.5101 - val_auc: 0.6619
Epoch 402/500
1133/1133 - 2s - loss: 0.4880 - auc: 0.6983 - val_loss: 0.5113 - val_auc: 0.6621
Epoch 403/500
1133/1133 - 2s - loss: 0.4881 - auc: 0.6994 - val_loss: 0.5129 - val_auc: 0.6610
Epoch 404/500
1133/1133 - 2s - loss: 0.4878 - auc: 0.6973 - val_loss: 0.5127 - val_auc: 0.6608
Epoch 405/500
1133/1133 - 2s - loss: 0.4878 - auc: 0.6991 - val_loss: 0.5115 - val_auc: 0.6586
Epoch 406/500
1133/1133 - 2s - loss: 0.4882 - auc: 0.6973 - val_loss: 0.5109 - val_auc: 0.6618
Epoch 407/500
1133/1133 - 2s - loss: 0.4878 - auc: 0.6990 - val_loss: 0.5103 - val_auc: 0.6602
Epoch 408/500
1133/1133 - 2s - loss: 0.4874 - auc: 0.7000 - val_loss: 0.5107 - val_auc: 0.6616
Epoch 409/500
1133/1133 - 2s - loss: 0.4885 - auc: 0.6980 - val_loss: 0.5104 - val_auc: 0.6600
Epoch 410/500
1133/1133 - 2s - loss: 0.4879 - auc: 0.6980 - val_loss: 0.5110 - val_auc: 0.6615
Epoch 411/500
1133/1133 - 2s - loss: 0.4885 - auc: 0.6965 - val_loss: 0.5117 - val_auc: 0.6578
Epoch 412/500
1133/1133 - 2s - loss: 0.4880 - auc: 0.6984 - val_loss: 0.5119 - val_auc: 0.6600
Epoch 413/500
1133/1133 - 2s - loss: 0.4889 - auc: 0.6969 - val_loss: 0.5103 - val_auc: 0.6615
Epoch 414/500
1133/1133 - 2s - loss: 0.4884 - auc: 0.6959 - val_loss: 0.5106 - val_auc: 0.6617
Epoch 415/500
1133/1133 - 2s - loss: 0.4888 - auc: 0.6967 - val_loss: 0.5113 - val_auc: 0.6613
Epoch 416/500
1133/1133 - 2s - loss: 0.4887 - auc: 0.6970 - val_loss: 0.5106 - val_auc: 0.6604
Epoch 417/500
1133/1133 - 2s - loss: 0.4879 - auc: 0.6967 - val_loss: 0.5115 - val_auc: 0.6598
Epoch 418/500
1133/1133 - 2s - loss: 0.4883 - auc: 0.6979 - val_loss: 0.5104 - val_auc: 0.6608
Epoch 419/500
1133/1133 - 2s - loss: 0.4884 - auc: 0.6973 - val_loss: 0.5126 - val_auc: 0.6615
Epoch 420/500
1133/1133 - 2s - loss: 0.4886 - auc: 0.6981 - val_loss: 0.5102 - val_auc: 0.6611
Epoch 421/500
1133/1133 - 2s - loss: 0.4891 - auc: 0.6965 - val_loss: 0.5114 - val_auc: 0.6609
Epoch 422/500
1133/1133 - 2s - loss: 0.4882 - auc: 0.6983 - val_loss: 0.5112 - val_auc: 0.6613
Epoch 423/500
1133/1133 - 2s - loss: 0.4882 - auc: 0.6978 - val_loss: 0.5107 - val_auc: 0.6591
Epoch 424/500
1133/1133 - 2s - loss: 0.4888 - auc: 0.6962 - val_loss: 0.5113 - val_auc: 0.6581
Epoch 425/500
1133/1133 - 2s - loss: 0.4892 - auc: 0.6947 - val_loss: 0.5111 - val_auc: 0.6600
Epoch 426/500
1133/1133 - 1s - loss: 0.4877 - auc: 0.6984 - val_loss: 0.5109 - val_auc: 0.6594
Epoch 427/500
1133/1133 - 2s - loss: 0.4892 - auc: 0.6962 - val_loss: 0.5116 - val_auc: 0.6589
Epoch 428/500
1133/1133 - 2s - loss: 0.4886 - auc: 0.6979 - val_loss: 0.5114 - val_auc: 0.6596
Epoch 429/500
1133/1133 - 2s - loss: 0.4885 - auc: 0.6978 - val_loss: 0.5115 - val_auc: 0.6600
Epoch 430/500
1133/1133 - 2s - loss: 0.4871 - auc: 0.7002 - val_loss: 0.5114 - val_auc: 0.6578
Epoch 431/500
1133/1133 - 2s - loss: 0.4885 - auc: 0.6987 - val_loss: 0.5103 - val_auc: 0.6622
Epoch 432/500
1133/1133 - 2s - loss: 0.4889 - auc: 0.6969 - val_loss: 0.5113 - val_auc: 0.6598
Epoch 433/500
1133/1133 - 2s - loss: 0.4886 - auc: 0.6969 - val_loss: 0.5103 - val_auc: 0.6610
Epoch 434/500
1133/1133 - 2s - loss: 0.4877 - auc: 0.6986 - val_loss: 0.5114 - val_auc: 0.6605
Epoch 435/500
1133/1133 - 2s - loss: 0.4875 - auc: 0.6988 - val_loss: 0.5109 - val_auc: 0.6607
Epoch 436/500
1133/1133 - 2s - loss: 0.4887 - auc: 0.6964 - val_loss: 0.5114 - val_auc: 0.6616
Epoch 437/500
1133/1133 - 2s - loss: 0.4882 - auc: 0.6979 - val_loss: 0.5111 - val_auc: 0.6599
Epoch 438/500
1133/1133 - 2s - loss: 0.4887 - auc: 0.6971 - val_loss: 0.5104 - val_auc: 0.6605
Epoch 439/500
1133/1133 - 2s - loss: 0.4888 - auc: 0.6979 - val_loss: 0.5131 - val_auc: 0.6597
Epoch 440/500
1133/1133 - 2s - loss: 0.4877 - auc: 0.6991 - val_loss: 0.5109 - val_auc: 0.6583
Epoch 441/500
1133/1133 - 2s - loss: 0.4879 - auc: 0.6958 - val_loss: 0.5113 - val_auc: 0.6602
Epoch 442/500
1133/1133 - 2s - loss: 0.4878 - auc: 0.6989 - val_loss: 0.5120 - val_auc: 0.6583
Epoch 443/500
1133/1133 - 2s - loss: 0.4883 - auc: 0.6991 - val_loss: 0.5112 - val_auc: 0.6598
Epoch 444/500
1133/1133 - 2s - loss: 0.4876 - auc: 0.6990 - val_loss: 0.5102 - val_auc: 0.6605
Epoch 445/500
1133/1133 - 2s - loss: 0.4878 - auc: 0.6987 - val_loss: 0.5098 - val_auc: 0.6608
Epoch 446/500
1133/1133 - 2s - loss: 0.4884 - auc: 0.6991 - val_loss: 0.5121 - val_auc: 0.6583
Epoch 447/500
1133/1133 - 2s - loss: 0.4877 - auc: 0.6988 - val_loss: 0.5126 - val_auc: 0.6624
Epoch 448/500
1133/1133 - 1s - loss: 0.4885 - auc: 0.6984 - val_loss: 0.5114 - val_auc: 0.6598
Epoch 449/500
1133/1133 - 1s - loss: 0.4881 - auc: 0.6972 - val_loss: 0.5110 - val_auc: 0.6597
Epoch 450/500
1133/1133 - 1s - loss: 0.4877 - auc: 0.6980 - val_loss: 0.5118 - val_auc: 0.6597
Epoch 451/500
1133/1133 - 1s - loss: 0.4891 - auc: 0.6967 - val_loss: 0.5108 - val_auc: 0.6598
Epoch 452/500
1133/1133 - 1s - loss: 0.4881 - auc: 0.6982 - val_loss: 0.5117 - val_auc: 0.6621
Epoch 453/500
1133/1133 - 1s - loss: 0.4881 - auc: 0.6991 - val_loss: 0.5098 - val_auc: 0.6625
Epoch 454/500
1133/1133 - 1s - loss: 0.4892 - auc: 0.6970 - val_loss: 0.5110 - val_auc: 0.6604
Epoch 455/500
1133/1133 - 1s - loss: 0.4889 - auc: 0.6970 - val_loss: 0.5128 - val_auc: 0.6606
Epoch 456/500
1133/1133 - 1s - loss: 0.4876 - auc: 0.6977 - val_loss: 0.5114 - val_auc: 0.6615
Epoch 457/500
1133/1133 - 1s - loss: 0.4879 - auc: 0.6979 - val_loss: 0.5124 - val_auc: 0.6608
Epoch 458/500
1133/1133 - 1s - loss: 0.4882 - auc: 0.6966 - val_loss: 0.5103 - val_auc: 0.6608
Epoch 459/500
1133/1133 - 1s - loss: 0.4881 - auc: 0.6980 - val_loss: 0.5103 - val_auc: 0.6609
Epoch 460/500
1133/1133 - 1s - loss: 0.4883 - auc: 0.6985 - val_loss: 0.5112 - val_auc: 0.6602
Epoch 461/500
1133/1133 - 1s - loss: 0.4878 - auc: 0.6989 - val_loss: 0.5120 - val_auc: 0.6573
Epoch 462/500
1133/1133 - 1s - loss: 0.4891 - auc: 0.6966 - val_loss: 0.5104 - val_auc: 0.6601
Epoch 463/500
1133/1133 - 1s - loss: 0.4878 - auc: 0.6987 - val_loss: 0.5127 - val_auc: 0.6597
Epoch 464/500
1133/1133 - 1s - loss: 0.4880 - auc: 0.6989 - val_loss: 0.5112 - val_auc: 0.6589
Epoch 465/500
1133/1133 - 1s - loss: 0.4882 - auc: 0.6981 - val_loss: 0.5116 - val_auc: 0.6601
Epoch 466/500
1133/1133 - 1s - loss: 0.4877 - auc: 0.6988 - val_loss: 0.5111 - val_auc: 0.6595
Epoch 467/500
1133/1133 - 1s - loss: 0.4882 - auc: 0.6977 - val_loss: 0.5127 - val_auc: 0.6570
Epoch 468/500
1133/1133 - 1s - loss: 0.4887 - auc: 0.6973 - val_loss: 0.5120 - val_auc: 0.6588
Epoch 469/500
1133/1133 - 1s - loss: 0.4872 - auc: 0.6992 - val_loss: 0.5117 - val_auc: 0.6608
Epoch 470/500
1133/1133 - 1s - loss: 0.4878 - auc: 0.6991 - val_loss: 0.5129 - val_auc: 0.6610
Epoch 471/500
1133/1133 - 1s - loss: 0.4880 - auc: 0.6973 - val_loss: 0.5112 - val_auc: 0.6601
Epoch 472/500
1133/1133 - 1s - loss: 0.4881 - auc: 0.6984 - val_loss: 0.5118 - val_auc: 0.6595
Epoch 473/500
1133/1133 - 1s - loss: 0.4879 - auc: 0.6977 - val_loss: 0.5107 - val_auc: 0.6612
Epoch 474/500
1133/1133 - 1s - loss: 0.4884 - auc: 0.6984 - val_loss: 0.5123 - val_auc: 0.6600
Epoch 475/500
1133/1133 - 1s - loss: 0.4877 - auc: 0.6987 - val_loss: 0.5099 - val_auc: 0.6615
Epoch 476/500
1133/1133 - 2s - loss: 0.4882 - auc: 0.6968 - val_loss: 0.5126 - val_auc: 0.6604
Epoch 477/500
1133/1133 - 2s - loss: 0.4877 - auc: 0.6991 - val_loss: 0.5102 - val_auc: 0.6612
Epoch 478/500
1133/1133 - 2s - loss: 0.4882 - auc: 0.6972 - val_loss: 0.5124 - val_auc: 0.6603
Epoch 479/500
1133/1133 - 2s - loss: 0.4885 - auc: 0.6979 - val_loss: 0.5129 - val_auc: 0.6593
Epoch 480/500
1133/1133 - 2s - loss: 0.4882 - auc: 0.6975 - val_loss: 0.5110 - val_auc: 0.6618
Epoch 481/500
1133/1133 - 2s - loss: 0.4877 - auc: 0.6988 - val_loss: 0.5108 - val_auc: 0.6607
Epoch 482/500
1133/1133 - 2s - loss: 0.4881 - auc: 0.6984 - val_loss: 0.5113 - val_auc: 0.6590
Epoch 483/500
1133/1133 - 2s - loss: 0.4881 - auc: 0.7000 - val_loss: 0.5106 - val_auc: 0.6599
Epoch 484/500
1133/1133 - 2s - loss: 0.4884 - auc: 0.6985 - val_loss: 0.5112 - val_auc: 0.6609
Epoch 485/500
1133/1133 - 2s - loss: 0.4877 - auc: 0.6984 - val_loss: 0.5114 - val_auc: 0.6602
Epoch 486/500
1133/1133 - 2s - loss: 0.4884 - auc: 0.6984 - val_loss: 0.5111 - val_auc: 0.6594
Epoch 487/500
1133/1133 - 2s - loss: 0.4875 - auc: 0.6977 - val_loss: 0.5099 - val_auc: 0.6615
Epoch 488/500
1133/1133 - 2s - loss: 0.4882 - auc: 0.6980 - val_loss: 0.5129 - val_auc: 0.6601
Epoch 489/500
1133/1133 - 2s - loss: 0.4886 - auc: 0.6982 - val_loss: 0.5122 - val_auc: 0.6591
Epoch 490/500
1133/1133 - 2s - loss: 0.4885 - auc: 0.6976 - val_loss: 0.5116 - val_auc: 0.6596
Epoch 491/500
1133/1133 - 2s - loss: 0.4887 - auc: 0.6984 - val_loss: 0.5117 - val_auc: 0.6610
Epoch 492/500
1133/1133 - 2s - loss: 0.4877 - auc: 0.6988 - val_loss: 0.5110 - val_auc: 0.6600
Epoch 493/500
1133/1133 - 2s - loss: 0.4883 - auc: 0.6986 - val_loss: 0.5104 - val_auc: 0.6603
Epoch 494/500
1133/1133 - 2s - loss: 0.4891 - auc: 0.6975 - val_loss: 0.5102 - val_auc: 0.6612
Epoch 495/500
1133/1133 - 2s - loss: 0.4881 - auc: 0.6990 - val_loss: 0.5117 - val_auc: 0.6602
Epoch 496/500
1133/1133 - 2s - loss: 0.4888 - auc: 0.6977 - val_loss: 0.5115 - val_auc: 0.6591
Epoch 497/500
1133/1133 - 2s - loss: 0.4881 - auc: 0.6980 - val_loss: 0.5111 - val_auc: 0.6605
Epoch 498/500
1133/1133 - 2s - loss: 0.4877 - auc: 0.6986 - val_loss: 0.5121 - val_auc: 0.6586
Epoch 499/500
1133/1133 - 2s - loss: 0.4883 - auc: 0.6985 - val_loss: 0.5122 - val_auc: 0.6583
Epoch 500/500
1133/1133 - 2s - loss: 0.4874 - auc: 0.6976 - val_loss: 0.5112 - val_auc: 0.6608
*************************
the acc of test_data is :
0.779716805365793
the auc of test_data is :
0.6762534539316972
the confusion_matrix of test_data is :
[[12087   387]
 [ 3160   468]]
Model Finished
*************************
